[debug] [2017-07-14T06:47:20.698Z] ----------------------------------------------------------------------
[debug] [2017-07-14T06:47:20.702Z] Command:      C:\Program Files\nodejs\node.exe C:\Users\Pablo David\AppData\Roaming\npm\node_modules\firebase-tools\bin\firebase init
[debug] [2017-07-14T06:47:20.702Z] CLI Version:  3.9.1
[debug] [2017-07-14T06:47:20.702Z] Platform:     win32
[debug] [2017-07-14T06:47:20.702Z] Node Version: v7.10.0
[debug] [2017-07-14T06:47:20.702Z] Time:         Fri Jul 14 2017 01:47:20 GMT-0500 (Hora de verano central (México))
[debug] [2017-07-14T06:47:20.702Z] ----------------------------------------------------------------------
[debug] 
[debug] [2017-07-14T06:47:20.714Z] > command requires scopes: ["email","openid","https://www.googleapis.com/auth/cloudplatformprojects.readonly","https://www.googleapis.com/auth/firebase"]
[debug] [2017-07-14T06:47:20.714Z] > authorizing via signed-in user
[info] 
     ######## #### ########  ######## ########     ###     ######  ########
     ##        ##  ##     ## ##       ##     ##  ##   ##  ##       ##
     ######    ##  ########  ######   ########  #########  ######  ######
     ##        ##  ##    ##  ##       ##     ## ##     ##       ## ##
     ##       #### ##     ## ######## ########  ##     ##  ######  ########

You're about to initialize a Firebase project in this directory:

  C:\Users\Pablo David\Desktop\webteenspirit

[info] 
=== Project Setup
[info] 
[info] First, let's associate this project directory with a Firebase project.
[info] You can create multiple project aliases by running firebase use --add, 
[info] but for now we'll just set up a default project.
[info] 
[debug] [2017-07-14T06:47:25.875Z] > refreshing access token with scopes: ["email","https://www.googleapis.com/auth/cloudplatformprojects.readonly","https://www.googleapis.com/auth/firebase","openid"]
[debug] [2017-07-14T06:47:25.876Z] >>> HTTP REQUEST POST https://www.googleapis.com/oauth2/v3/token { refresh_token: '1/d0AmJDnOqTCJuIjkYu0aqMzuB-7afWAioNr0WZ2DWC0f0fqF6PNUL-ZTE4f-Hhsk',
  client_id: '563584335869-fgrhgmd47bqnekij5i8b5pr03ho849e6.apps.googleusercontent.com',
  client_secret: 'j9iVZfS8kkCEFUPaAeJV0sAi',
  grant_type: 'refresh_token',
  scope: 'email https://www.googleapis.com/auth/cloudplatformprojects.readonly https://www.googleapis.com/auth/firebase openid' } 
 Fri Jul 14 2017 01:47:25 GMT-0500 (Hora de verano central (México))
[debug] [2017-07-14T06:47:26.280Z] <<< HTTP RESPONSE 200
[debug] [2017-07-14T06:47:26.361Z] >>> HTTP REQUEST GET https://admin.firebase.com/v1/projects  
 Fri Jul 14 2017 01:47:26 GMT-0500 (Hora de verano central (México))
[debug] [2017-07-14T06:47:27.486Z] <<< HTTP RESPONSE 200
[info] 
=== Hosting Setup
[info] 
[info] Your public directory is the folder (relative to your project directory) that
[info] will contain Hosting assets to be uploaded with firebase deploy. If you
[info] have a build process for your assets, use your build's output directory.
[info] 
